2024.Oct.27 13:26:12 - rocketserializer._helpers - INFO - Successfully extracted rocket.ork from "OpenRocket_Wolf.ork" to "."
2024.Oct.27 13:26:13 - rocketserializer._helpers - INFO - Successfully parsed .ork file at 'rocket.ork' with 20119 datapoints
2024.Oct.27 13:26:13 - orhelper._orhelper - INFO - Starting JVM from C:\Program Files\OpenLogic\jdk-17.0.13.11-hotspot\bin\server\jvm.dll CLASSPATH=OpenRocket-23.09.jar
2024.Oct.27 13:26:18 - rocketserializer.ork_extractor - INFO - Successfully initialized vectors with 20118 datapoints
2024.Oct.27 13:26:18 - rocketserializer.ork_extractor - INFO - Initialized data vectors from the ORK file.
2024.Oct.27 13:26:18 - rocketserializer.components.motor - INFO - Collected motor geometry: motor length and motor radius.
2024.Oct.27 13:26:18 - rocketserializer.components.motor - INFO - The motor dry mass is 1.724 kg.
2024.Oct.27 13:26:18 - rocketserializer.components.motor - INFO - The total propellant mass is 1.813 kg. The motor dry mass is 1.724 kg.
2024.Oct.27 13:26:18 - rocketserializer.components.motor - INFO - Calculated motor mass properties.
2024.Oct.27 13:26:18 - rocketserializer.components.motor - INFO - Successfully configured the motor.
                        grain_density: 1070.0156556998306
                       grain_initial_inner_radius: 0.019
                       grain_outer_radius: 0.038
                       grain_initial_height: 0.498
                       nozzle_radius: 0.028499999999999998
                       throat_radius: 0.019
                       dry_mass: 0
                       dry_inertia: (0, 0, 0)
                       center_of_dry_mass_position: 0
                       grains_center_of_mass_position: 0
                       grain_number: 1
                       grain_separation: 0
                       nozzle_position: -0.249
                       coordinate_system_orientation: nozzle_to_combustion_chamber

2024.Oct.27 13:26:18 - rocketserializer.components.motor - INFO - The motor dry mass is 1.724 kg.
2024.Oct.27 13:26:18 - rocketserializer.components.motor - INFO - The total propellant mass is 1.813 kg. The motor dry mass is 1.724 kg.
2024.Oct.27 13:26:18 - rocketserializer.ork_extractor - INFO - Motor parameters retrieved.
2024.Oct.27 13:26:18 - rocketserializer.components.id - INFO - Collected the rocket name: 'Rocket'
2024.Oct.27 13:26:18 - rocketserializer.components.id - WARNING - No auxiliary comment was found in the file.
2024.Oct.27 13:26:18 - rocketserializer.components.id - WARNING - No designer name was found in the file.
2024.Oct.27 13:26:18 - rocketserializer.components.id - INFO - Identification information extracted.
                        rocket_name: Rocket
                       comment: None
                       designer: None
                       filepath: rocket.ork

2024.Oct.27 13:26:18 - rocketserializer.ork_extractor - INFO - Metadata parameters retrieved.
2024.Oct.27 13:26:18 - rocketserializer.components.environment - INFO - Collected first environment settings: latitude, longitude, elevation, wind_average, wind_turbulence, geodetic_method
2024.Oct.27 13:26:18 - rocketserializer.components.environment - WARNING - No base temperature was found in the .ork file. The base temperature will be set to None.
2024.Oct.27 13:26:18 - rocketserializer.components.environment - WARNING - No base pressure was found in the .ork file. The base pressure will be set to None.
2024.Oct.27 13:26:18 - rocketserializer.components.environment - INFO - Successfully extracted all the environment settings.
                        latitude: 28.61
                       longitude: -80.6
                       elevation: 0.0
                       wind_average: 8.94
                       wind_turbulence: 0.0
                       geodetic_method: spherical
                       base_temperature: None
                       base_pressure: None
                       date: None

2024.Oct.27 13:26:18 - rocketserializer.ork_extractor - INFO - Environment parameters retrieved.
2024.Oct.27 13:26:18 - rocketserializer.components.rocket - INFO - The maximum radius of the rocket is: 0.065405
2024.Oct.27 13:26:18 - rocketserializer.components.rocket - INFO - Collected rocket radius.
2024.Oct.27 13:26:19 - rocketserializer.components.rocket - INFO - Collected rocket mass.
2024.Oct.27 13:26:19 - rocketserializer.components.rocket - INFO - The moment of inertia of the rocket is: 7.598000 (longitudinal) and 0.049000 (rotational)
2024.Oct.27 13:26:19 - rocketserializer.components.rocket - INFO - Collected rocket inertia.
2024.Oct.27 13:26:19 - rocketserializer.components.rocket - INFO - Collected rocket center of mass.
2024.Oct.27 13:26:19 - rocketserializer.components.rocket - INFO - All the Rocket information was collected:
                       radius: 0.065405
                       mass: 14.645
                       inertia: (0.049, 0.049, 7.598)
                       center_of_mass_without_propellant: 1.329
                       coordinate_system_orientation: nose_to_tail

2024.Oct.27 13:26:19 - rocketserializer.ork_extractor - INFO - Rocket parameters retrieved.
2024.Oct.27 13:26:19 - rocketserializer.components.flight - INFO - Collected launch conditions: launch rod length, launch rod angle, launch rod direction.
2024.Oct.27 13:26:19 - rocketserializer.components.flight - INFO - Exported launch conditions.
                       rail_length: 3.6576
                       inclination: 90.0
                       heading: 90.0

2024.Oct.27 13:26:19 - rocketserializer.ork_extractor - INFO - Flight conditions retrieved.
2024.Oct.27 13:26:19 - rocketserializer.components.open_rocket_wrangler - INFO - Starting to process element 'Rocket' of type 'Rocket'
2024.Oct.27 13:26:19 - rocketserializer.components.open_rocket_wrangler - INFO - Starting to process element 'Sustainer' of type 'AxialStage'
2024.Oct.27 13:26:19 - rocketserializer.components.open_rocket_wrangler - INFO - Starting to process element 'Nose Cone' of type 'NoseCone'
2024.Oct.27 13:26:19 - rocketserializer.components.open_rocket_wrangler - INFO - Starting to process element 'Tube Coupler' of type 'TubeCoupler'
2024.Oct.27 13:26:19 - rocketserializer.components.open_rocket_wrangler - INFO - No more children for 'Tube Coupler'
2024.Oct.27 13:26:19 - rocketserializer.components.open_rocket_wrangler - INFO - Finished processing 'Tube Coupler'
2024.Oct.27 13:26:19 - rocketserializer.components.open_rocket_wrangler - INFO - Child 'Tube Coupler' processed
2024.Oct.27 13:26:19 - rocketserializer.components.open_rocket_wrangler - INFO - Moving to the next child
2024.Oct.27 13:26:19 - rocketserializer.components.open_rocket_wrangler - INFO - Child 'Camera Bay' processed
2024.Oct.27 13:26:19 - rocketserializer.components.open_rocket_wrangler - INFO - Moving to the next child
2024.Oct.27 13:26:19 - rocketserializer.components.open_rocket_wrangler - INFO - No more children for 'Nose Cone'
2024.Oct.27 13:26:19 - rocketserializer.components.open_rocket_wrangler - INFO - Finished processing 'Nose Cone'
2024.Oct.27 13:26:19 - rocketserializer.components.open_rocket_wrangler - INFO - Child 'Nose Cone' processed
2024.Oct.27 13:26:19 - rocketserializer.components.open_rocket_wrangler - INFO - Moving to the next child
2024.Oct.27 13:26:19 - rocketserializer.components.open_rocket_wrangler - INFO - Starting to process element 'Payload' of type 'BodyTube'
2024.Oct.27 13:26:19 - rocketserializer.components.open_rocket_wrangler - INFO - Starting to process element 'Payload Coupler' of type 'TubeCoupler'
2024.Oct.27 13:26:19 - rocketserializer.components.open_rocket_wrangler - INFO - Starting to process element 'Bulkhead' of type 'Bulkhead'
2024.Oct.27 13:26:19 - rocketserializer.components.open_rocket_wrangler - INFO - No more children for 'Bulkhead'
2024.Oct.27 13:26:19 - rocketserializer.components.open_rocket_wrangler - INFO - Finished processing 'Bulkhead'
2024.Oct.27 13:26:19 - rocketserializer.components.open_rocket_wrangler - INFO - Child 'Bulkhead' processed
2024.Oct.27 13:26:19 - rocketserializer.components.open_rocket_wrangler - INFO - Moving to the next child
2024.Oct.27 13:26:19 - rocketserializer.components.open_rocket_wrangler - INFO - Starting to process element 'Bulkhead' of type 'Bulkhead'
2024.Oct.27 13:26:19 - rocketserializer.components.open_rocket_wrangler - INFO - No more children for 'Bulkhead'
2024.Oct.27 13:26:19 - rocketserializer.components.open_rocket_wrangler - INFO - Finished processing 'Bulkhead'
2024.Oct.27 13:26:19 - rocketserializer.components.open_rocket_wrangler - INFO - Child 'Bulkhead' processed
2024.Oct.27 13:26:19 - rocketserializer.components.open_rocket_wrangler - INFO - Moving to the next child
2024.Oct.27 13:26:19 - rocketserializer.components.open_rocket_wrangler - INFO - Starting to process element 'Bulkhead' of type 'Bulkhead'
2024.Oct.27 13:26:19 - rocketserializer.components.open_rocket_wrangler - INFO - No more children for 'Bulkhead'
2024.Oct.27 13:26:19 - rocketserializer.components.open_rocket_wrangler - INFO - Finished processing 'Bulkhead'
2024.Oct.27 13:26:19 - rocketserializer.components.open_rocket_wrangler - INFO - Child 'Bulkhead' processed
2024.Oct.27 13:26:19 - rocketserializer.components.open_rocket_wrangler - INFO - Moving to the next child
2024.Oct.27 13:26:19 - rocketserializer.components.open_rocket_wrangler - INFO - Starting to process element 'Bulkhead' of type 'Bulkhead'
2024.Oct.27 13:26:19 - rocketserializer.components.open_rocket_wrangler - INFO - No more children for 'Bulkhead'
2024.Oct.27 13:26:19 - rocketserializer.components.open_rocket_wrangler - INFO - Finished processing 'Bulkhead'
2024.Oct.27 13:26:19 - rocketserializer.components.open_rocket_wrangler - INFO - Child 'Bulkhead' processed
2024.Oct.27 13:26:19 - rocketserializer.components.open_rocket_wrangler - INFO - Moving to the next child
2024.Oct.27 13:26:19 - rocketserializer.components.open_rocket_wrangler - INFO - No more children for 'Payload Coupler'
2024.Oct.27 13:26:19 - rocketserializer.components.open_rocket_wrangler - INFO - Finished processing 'Payload Coupler'
2024.Oct.27 13:26:19 - rocketserializer.components.open_rocket_wrangler - INFO - Child 'Payload Coupler' processed
2024.Oct.27 13:26:19 - rocketserializer.components.open_rocket_wrangler - INFO - Moving to the next child
2024.Oct.27 13:26:19 - rocketserializer.components.open_rocket_wrangler - INFO - Child 'Payload' processed
2024.Oct.27 13:26:19 - rocketserializer.components.open_rocket_wrangler - INFO - Moving to the next child
2024.Oct.27 13:26:19 - rocketserializer.components.open_rocket_wrangler - INFO - Starting to process element 'Shielding Bulkhead' of type 'Bulkhead'
2024.Oct.27 13:26:19 - rocketserializer.components.open_rocket_wrangler - INFO - No more children for 'Shielding Bulkhead'
2024.Oct.27 13:26:19 - rocketserializer.components.open_rocket_wrangler - INFO - Finished processing 'Shielding Bulkhead'
2024.Oct.27 13:26:19 - rocketserializer.components.open_rocket_wrangler - INFO - Child 'Shielding Bulkhead' processed
2024.Oct.27 13:26:19 - rocketserializer.components.open_rocket_wrangler - INFO - Moving to the next child
2024.Oct.27 13:26:19 - rocketserializer.components.open_rocket_wrangler - INFO - No more children for 'Payload'
2024.Oct.27 13:26:19 - rocketserializer.components.open_rocket_wrangler - INFO - Finished processing 'Payload'
2024.Oct.27 13:26:19 - rocketserializer.components.open_rocket_wrangler - INFO - Child 'Payload' processed
2024.Oct.27 13:26:19 - rocketserializer.components.open_rocket_wrangler - INFO - Moving to the next child
2024.Oct.27 13:26:19 - rocketserializer.components.open_rocket_wrangler - INFO - Starting to process element 'Upper Recovery' of type 'BodyTube'
2024.Oct.27 13:26:19 - rocketserializer.components.open_rocket_wrangler - INFO - Child 'Iris Ultra Parachute [Cd 2.2 (36.0 oz) 199.9 in^3]' processed
2024.Oct.27 13:26:19 - rocketserializer.components.open_rocket_wrangler - INFO - Moving to the next child
2024.Oct.27 13:26:19 - rocketserializer.components.open_rocket_wrangler - INFO - Starting to process element 'Shock cord' of type 'ShockCord'
2024.Oct.27 13:26:19 - rocketserializer.components.open_rocket_wrangler - INFO - No more children for 'Shock cord'
2024.Oct.27 13:26:19 - rocketserializer.components.open_rocket_wrangler - INFO - Finished processing 'Shock cord'
2024.Oct.27 13:26:19 - rocketserializer.components.open_rocket_wrangler - INFO - Child 'Shock cord' processed
2024.Oct.27 13:26:19 - rocketserializer.components.open_rocket_wrangler - INFO - Moving to the next child
2024.Oct.27 13:26:19 - rocketserializer.components.open_rocket_wrangler - INFO - Starting to process element 'Launch lug' of type 'LaunchLug'
2024.Oct.27 13:26:19 - rocketserializer.components.open_rocket_wrangler - INFO - No more children for 'Launch lug'
2024.Oct.27 13:26:19 - rocketserializer.components.open_rocket_wrangler - INFO - Finished processing 'Launch lug'
2024.Oct.27 13:26:19 - rocketserializer.components.open_rocket_wrangler - INFO - Child 'Launch lug' processed
2024.Oct.27 13:26:19 - rocketserializer.components.open_rocket_wrangler - INFO - Moving to the next child
2024.Oct.27 13:26:19 - rocketserializer.components.open_rocket_wrangler - INFO - No more children for 'Upper Recovery'
2024.Oct.27 13:26:19 - rocketserializer.components.open_rocket_wrangler - INFO - Finished processing 'Upper Recovery'
2024.Oct.27 13:26:19 - rocketserializer.components.open_rocket_wrangler - INFO - Child 'Upper Recovery' processed
2024.Oct.27 13:26:19 - rocketserializer.components.open_rocket_wrangler - INFO - Moving to the next child
2024.Oct.27 13:26:19 - rocketserializer.components.open_rocket_wrangler - INFO - Starting to process element 'Avionics' of type 'BodyTube'
2024.Oct.27 13:26:19 - rocketserializer.components.open_rocket_wrangler - INFO - Child 'Unspecified' processed
2024.Oct.27 13:26:19 - rocketserializer.components.open_rocket_wrangler - INFO - Moving to the next child
2024.Oct.27 13:26:19 - rocketserializer.components.open_rocket_wrangler - INFO - Starting to process element 'Tube coupler' of type 'TubeCoupler'
2024.Oct.27 13:26:19 - rocketserializer.components.open_rocket_wrangler - INFO - Starting to process element 'Bulkhead' of type 'Bulkhead'
2024.Oct.27 13:26:19 - rocketserializer.components.open_rocket_wrangler - INFO - No more children for 'Bulkhead'
2024.Oct.27 13:26:19 - rocketserializer.components.open_rocket_wrangler - INFO - Finished processing 'Bulkhead'
2024.Oct.27 13:26:19 - rocketserializer.components.open_rocket_wrangler - INFO - Child 'Bulkhead' processed
2024.Oct.27 13:26:19 - rocketserializer.components.open_rocket_wrangler - INFO - Moving to the next child
2024.Oct.27 13:26:19 - rocketserializer.components.open_rocket_wrangler - INFO - Starting to process element 'Bulkhead' of type 'Bulkhead'
2024.Oct.27 13:26:19 - rocketserializer.components.open_rocket_wrangler - INFO - No more children for 'Bulkhead'
2024.Oct.27 13:26:19 - rocketserializer.components.open_rocket_wrangler - INFO - Finished processing 'Bulkhead'
2024.Oct.27 13:26:19 - rocketserializer.components.open_rocket_wrangler - INFO - Child 'Bulkhead' processed
2024.Oct.27 13:26:19 - rocketserializer.components.open_rocket_wrangler - INFO - Moving to the next child
2024.Oct.27 13:26:19 - rocketserializer.components.open_rocket_wrangler - INFO - Starting to process element 'Bulkhead' of type 'Bulkhead'
2024.Oct.27 13:26:19 - rocketserializer.components.open_rocket_wrangler - INFO - No more children for 'Bulkhead'
2024.Oct.27 13:26:19 - rocketserializer.components.open_rocket_wrangler - INFO - Finished processing 'Bulkhead'
2024.Oct.27 13:26:19 - rocketserializer.components.open_rocket_wrangler - INFO - Child 'Bulkhead' processed
2024.Oct.27 13:26:19 - rocketserializer.components.open_rocket_wrangler - INFO - Moving to the next child
2024.Oct.27 13:26:19 - rocketserializer.components.open_rocket_wrangler - INFO - Starting to process element 'Bulkhead' of type 'Bulkhead'
2024.Oct.27 13:26:19 - rocketserializer.components.open_rocket_wrangler - INFO - No more children for 'Bulkhead'
2024.Oct.27 13:26:19 - rocketserializer.components.open_rocket_wrangler - INFO - Finished processing 'Bulkhead'
2024.Oct.27 13:26:19 - rocketserializer.components.open_rocket_wrangler - INFO - Child 'Bulkhead' processed
2024.Oct.27 13:26:19 - rocketserializer.components.open_rocket_wrangler - INFO - Moving to the next child
2024.Oct.27 13:26:19 - rocketserializer.components.open_rocket_wrangler - INFO - No more children for 'Tube coupler'
2024.Oct.27 13:26:19 - rocketserializer.components.open_rocket_wrangler - INFO - Finished processing 'Tube coupler'
2024.Oct.27 13:26:19 - rocketserializer.components.open_rocket_wrangler - INFO - Child 'Tube coupler' processed
2024.Oct.27 13:26:19 - rocketserializer.components.open_rocket_wrangler - INFO - Moving to the next child
2024.Oct.27 13:26:19 - rocketserializer.components.open_rocket_wrangler - INFO - No more children for 'Avionics'
2024.Oct.27 13:26:19 - rocketserializer.components.open_rocket_wrangler - INFO - Finished processing 'Avionics'
2024.Oct.27 13:26:19 - rocketserializer.components.open_rocket_wrangler - INFO - Child 'Avionics' processed
2024.Oct.27 13:26:19 - rocketserializer.components.open_rocket_wrangler - INFO - Moving to the next child
2024.Oct.27 13:26:19 - rocketserializer.components.open_rocket_wrangler - INFO - Starting to process element 'Lower Recovery' of type 'BodyTube'
2024.Oct.27 13:26:19 - rocketserializer.components.open_rocket_wrangler - INFO - Starting to process element 'Shock cord' of type 'ShockCord'
2024.Oct.27 13:26:19 - rocketserializer.components.open_rocket_wrangler - INFO - No more children for 'Shock cord'
2024.Oct.27 13:26:19 - rocketserializer.components.open_rocket_wrangler - INFO - Finished processing 'Shock cord'
2024.Oct.27 13:26:19 - rocketserializer.components.open_rocket_wrangler - INFO - Child 'Shock cord' processed
2024.Oct.27 13:26:19 - rocketserializer.components.open_rocket_wrangler - INFO - Moving to the next child
2024.Oct.27 13:26:19 - rocketserializer.components.open_rocket_wrangler - INFO - Child 'Apex Drouge Parachute [Cd .61 (1.9 oz) 18 in^3]' processed
2024.Oct.27 13:26:19 - rocketserializer.components.open_rocket_wrangler - INFO - Moving to the next child
2024.Oct.27 13:26:19 - rocketserializer.components.open_rocket_wrangler - INFO - Starting to process element 'Tube Coupler' of type 'TubeCoupler'
2024.Oct.27 13:26:19 - rocketserializer.components.open_rocket_wrangler - INFO - Child 'Airbrakes Computer' processed
2024.Oct.27 13:26:19 - rocketserializer.components.open_rocket_wrangler - INFO - Moving to the next child
2024.Oct.27 13:26:19 - rocketserializer.components.open_rocket_wrangler - INFO - Starting to process element 'Bulkhead' of type 'Bulkhead'
2024.Oct.27 13:26:19 - rocketserializer.components.open_rocket_wrangler - INFO - No more children for 'Bulkhead'
2024.Oct.27 13:26:19 - rocketserializer.components.open_rocket_wrangler - INFO - Finished processing 'Bulkhead'
2024.Oct.27 13:26:19 - rocketserializer.components.open_rocket_wrangler - INFO - Child 'Bulkhead' processed
2024.Oct.27 13:26:19 - rocketserializer.components.open_rocket_wrangler - INFO - Moving to the next child
2024.Oct.27 13:26:19 - rocketserializer.components.open_rocket_wrangler - INFO - Starting to process element 'Bulkhead' of type 'Bulkhead'
2024.Oct.27 13:26:19 - rocketserializer.components.open_rocket_wrangler - INFO - No more children for 'Bulkhead'
2024.Oct.27 13:26:19 - rocketserializer.components.open_rocket_wrangler - INFO - Finished processing 'Bulkhead'
2024.Oct.27 13:26:19 - rocketserializer.components.open_rocket_wrangler - INFO - Child 'Bulkhead' processed
2024.Oct.27 13:26:19 - rocketserializer.components.open_rocket_wrangler - INFO - Moving to the next child
2024.Oct.27 13:26:19 - rocketserializer.components.open_rocket_wrangler - INFO - Starting to process element 'Bulkhead' of type 'Bulkhead'
2024.Oct.27 13:26:19 - rocketserializer.components.open_rocket_wrangler - INFO - No more children for 'Bulkhead'
2024.Oct.27 13:26:19 - rocketserializer.components.open_rocket_wrangler - INFO - Finished processing 'Bulkhead'
2024.Oct.27 13:26:19 - rocketserializer.components.open_rocket_wrangler - INFO - Child 'Bulkhead' processed
2024.Oct.27 13:26:19 - rocketserializer.components.open_rocket_wrangler - INFO - Moving to the next child
2024.Oct.27 13:26:19 - rocketserializer.components.open_rocket_wrangler - INFO - Starting to process element 'Bulkhead' of type 'Bulkhead'
2024.Oct.27 13:26:19 - rocketserializer.components.open_rocket_wrangler - INFO - No more children for 'Bulkhead'
2024.Oct.27 13:26:19 - rocketserializer.components.open_rocket_wrangler - INFO - Finished processing 'Bulkhead'
2024.Oct.27 13:26:19 - rocketserializer.components.open_rocket_wrangler - INFO - Child 'Bulkhead' processed
2024.Oct.27 13:26:19 - rocketserializer.components.open_rocket_wrangler - INFO - Moving to the next child
2024.Oct.27 13:26:19 - rocketserializer.components.open_rocket_wrangler - INFO - No more children for 'Tube Coupler'
2024.Oct.27 13:26:19 - rocketserializer.components.open_rocket_wrangler - INFO - Finished processing 'Tube Coupler'
2024.Oct.27 13:26:19 - rocketserializer.components.open_rocket_wrangler - INFO - Child 'Tube Coupler' processed
2024.Oct.27 13:26:19 - rocketserializer.components.open_rocket_wrangler - INFO - Moving to the next child
2024.Oct.27 13:26:19 - rocketserializer.components.open_rocket_wrangler - INFO - No more children for 'Lower Recovery'
2024.Oct.27 13:26:19 - rocketserializer.components.open_rocket_wrangler - INFO - Finished processing 'Lower Recovery'
2024.Oct.27 13:26:19 - rocketserializer.components.open_rocket_wrangler - INFO - Child 'Lower Recovery' processed
2024.Oct.27 13:26:19 - rocketserializer.components.open_rocket_wrangler - INFO - Moving to the next child
2024.Oct.27 13:26:19 - rocketserializer.components.open_rocket_wrangler - INFO - Starting to process element 'Booster' of type 'BodyTube'
2024.Oct.27 13:26:19 - rocketserializer.components.open_rocket_wrangler - INFO - Starting to process element 'MFSS' of type 'InnerTube'
2024.Oct.27 13:26:19 - rocketserializer.components.open_rocket_wrangler - INFO - No more children for 'MFSS'
2024.Oct.27 13:26:19 - rocketserializer.components.open_rocket_wrangler - INFO - Finished processing 'MFSS'
2024.Oct.27 13:26:19 - rocketserializer.components.open_rocket_wrangler - INFO - Child 'MFSS' processed
2024.Oct.27 13:26:19 - rocketserializer.components.open_rocket_wrangler - INFO - Moving to the next child
2024.Oct.27 13:26:19 - rocketserializer.components.open_rocket_wrangler - INFO - Starting to process element 'Fins' of type 'TrapezoidFinSet'
2024.Oct.27 13:26:19 - rocketserializer.components.open_rocket_wrangler - INFO - No more children for 'Fins'
2024.Oct.27 13:26:19 - rocketserializer.components.open_rocket_wrangler - INFO - Finished processing 'Fins'
2024.Oct.27 13:26:19 - rocketserializer.components.open_rocket_wrangler - INFO - Child 'Fins' processed
2024.Oct.27 13:26:19 - rocketserializer.components.open_rocket_wrangler - INFO - Moving to the next child
2024.Oct.27 13:26:19 - rocketserializer.components.open_rocket_wrangler - INFO - Starting to process element 'Launch lug' of type 'LaunchLug'
2024.Oct.27 13:26:19 - rocketserializer.components.open_rocket_wrangler - INFO - No more children for 'Launch lug'
2024.Oct.27 13:26:19 - rocketserializer.components.open_rocket_wrangler - INFO - Finished processing 'Launch lug'
2024.Oct.27 13:26:19 - rocketserializer.components.open_rocket_wrangler - INFO - Child 'Launch lug' processed
2024.Oct.27 13:26:19 - rocketserializer.components.open_rocket_wrangler - INFO - Moving to the next child
2024.Oct.27 13:26:19 - rocketserializer.components.open_rocket_wrangler - INFO - No more children for 'Booster'
2024.Oct.27 13:26:19 - rocketserializer.components.open_rocket_wrangler - INFO - Finished processing 'Booster'
2024.Oct.27 13:26:19 - rocketserializer.components.open_rocket_wrangler - INFO - Child 'Booster' processed
2024.Oct.27 13:26:19 - rocketserializer.components.open_rocket_wrangler - INFO - Moving to the next child
2024.Oct.27 13:26:19 - rocketserializer.components.open_rocket_wrangler - INFO - No more children for 'Sustainer'
2024.Oct.27 13:26:19 - rocketserializer.components.open_rocket_wrangler - INFO - Finished processing 'Sustainer'
2024.Oct.27 13:26:19 - rocketserializer.components.open_rocket_wrangler - INFO - Child 'Sustainer' processed
2024.Oct.27 13:26:19 - rocketserializer.components.open_rocket_wrangler - INFO - Moving to the next child
2024.Oct.27 13:26:19 - rocketserializer.components.open_rocket_wrangler - INFO - No more children for 'Rocket'
2024.Oct.27 13:26:19 - rocketserializer.components.open_rocket_wrangler - INFO - Finished processing 'Rocket'
2024.Oct.27 13:26:19 - rocketserializer.ork_extractor - INFO - The elements are:
                       -902233831530726082: 
                           type: Rocket
                           name: Rocket
                           length: 2.4281800000000002
                           position: 0
                       -3504675808757422355: 
                           type: AxialStage
                           name: Sustainer
                           length: 2.4281800000000002
                           position: 2.4281800000000002
                       5737733247680452041: 
                           type: NoseCone
                           name: Nose Cone
                           length: 0.2794
                           position: 0.0
                       -4054232561703763420: 
                           type: TubeCoupler
                           name: Tube Coupler
                           length: 0.07
                           position: 0.2794
                       -3836656848346212635: 
                           type: BodyTube
                           name: Payload
                           length: 0.48
                           position: 0.2794
                       -2234607885803067401: 
                           type: TubeCoupler
                           name: Payload Coupler
                           length: 0.27
                           position: 0.6244
                       -6433388089141079799: 
                           type: Bulkhead
                           name: Bulkhead
                           length: 0.003175
                           position: 0.2794
                       -3145321105346161695: 
                           type: Bulkhead
                           name: Bulkhead
                           length: 0.003175
                           position: 0.552575
                       651047397214614431: 
                           type: Bulkhead
                           name: Bulkhead
                           length: 0.003175
                           position: 0.5589249999999999
                       1392708205841740171: 
                           type: Bulkhead
                           name: Shielding Bulkhead
                           length: 0.012
                           position: 1.5524
                       -5226800039452252941: 
                           type: BodyTube
                           name: Upper Recovery
                           length: 0.57658
                           position: 0.7594
                       9044509412437273167: 
                           type: ShockCord
                           name: Shock cord
                           length: 0.025
                           position: 1.4456
                       -5365247959272954086: 
                           type: LaunchLug
                           name: Launch lug
                           length: 0.01016
                           position: 1.4549599999999998
                       507795790746936010: 
                           type: BodyTube
                           name: Avionics
                           length: 0.0254
                           position: 1.33598
                       2451374938080143211: 
                           type: TubeCoupler
                           name: Tube coupler
                           length: 0.2794
                           position: 1.33598
                       4027573129669046088: 
                           type: Bulkhead
                           name: Bulkhead
                           length: 0.003175
                           position: 1.739205
                       -3273028935039783326: 
                           type: Bulkhead
                           name: Bulkhead
                           length: 0.003175
                           position: 1.745555
                       6638422412916652716: 
                           type: Bulkhead
                           name: Bulkhead
                           length: 0.003175
                           position: 1.4693299999999998
                       2732080513704347131: 
                           type: BodyTube
                           name: Lower Recovery
                           length: 0.4572
                           position: 1.36138
                       7522058353651804171: 
                           type: ShockCord
                           name: Shock cord
                           length: 0.038099999999999995
                           position: 1.49346
                       3224728900547222819: 
                           type: TubeCoupler
                           name: Tube Coupler
                           length: 0.2794
                           position: 1.7715900000000002
                       -1145058795112772936: 
                           type: Bulkhead
                           name: Bulkhead
                           length: 0.003175
                           position: 1.895415
                       1029164543676636804: 
                           type: Bulkhead
                           name: Bulkhead
                           length: 0.003175
                           position: 1.62554
                       -5061233676816826425: 
                           type: Bulkhead
                           name: Bulkhead
                           length: 0.003175
                           position: 1.6318899999999998
                       127804600332609005: 
                           type: BodyTube
                           name: Booster
                           length: 0.6095999999999999
                           position: 1.81858
                       -5439723818142359093: 
                           type: InnerTube
                           name: MFSS
                           length: 0.27899999999999997
                           position: 2.14918
                       -4118694137289950188: 
                           type: TrapezoidFinSet
                           name: Fins
                           length: 0.1397
                           position: 2.56748
                       8867959370817305744: 
                           type: LaunchLug
                           name: Launch lug
                           length: 0.01016
                           position: 2.56494

2024.Oct.27 13:26:19 - rocketserializer.components.nose_cone - INFO - Collected the dimensions of the nosecone: length, shape and position.
2024.Oct.27 13:26:19 - rocketserializer.components.nose_cone - INFO - Nosecone is a haack nosecone, searching for the shape parameter
2024.Oct.27 13:26:19 - rocketserializer.components.nose_cone - INFO - Shape parameter of the nosecone: 0.0
2024.Oct.27 13:26:19 - rocketserializer.components.nose_cone - INFO - Nosecone setting defined:
                        name: Nose Cone
                       kind: Von Karman
                       length: 0.2794
                       base_radius: 0.065405
                       position: 0.0

2024.Oct.27 13:26:19 - rocketserializer.components.fins - INFO - A total of 1 trapezoidal fin sets were detected
2024.Oct.27 13:26:19 - rocketserializer.components.fins - INFO - Starting collecting the settings for the trapezoidal fin set number '0'
2024.Oct.27 13:26:19 - rocketserializer.components.fins - INFO - Found the element 'Fins' in the elements dictionary.
2024.Oct.27 13:26:19 - rocketserializer.components.fins - INFO - Number of fins retrieved: 3
2024.Oct.27 13:26:19 - rocketserializer.components.fins - INFO - Root chord retrieved: 0.139700
2024.Oct.27 13:26:19 - rocketserializer.components.fins - INFO - Tip chord retrieved: 0.050800
2024.Oct.27 13:26:19 - rocketserializer.components.fins - INFO - Span retrieved: 0.157480
2024.Oct.27 13:26:19 - rocketserializer.components.fins - INFO - Sweep length and angle retrieved: 0.046224219751807696, None
2024.Oct.27 13:26:19 - rocketserializer.components.fins - INFO - Cant angle retrieved: 0.000000
2024.Oct.27 13:26:19 - rocketserializer.components.fins - INFO - Crosssection format retrieved
2024.Oct.27 13:26:19 - rocketserializer.components.fins - INFO - Trapezoidal fin set number '0' was defined:
                       name: Fins
                       number: 3
                       root_chord: 0.1397
                       tip_chord: 0.0508
                       span: 0.15748
                       position: 2.56748
                       sweep_length: 0.046224219751807696
                       sweep_angle: None
                       cant_angle: 0.0
                       section: airfoil

2024.Oct.27 13:26:19 - rocketserializer.components.fins - INFO - Finished collecting all the trapezoidal fins.
2024.Oct.27 13:26:19 - rocketserializer.components.fins - INFO - A total of 0 elliptical fin sets were detected
2024.Oct.27 13:26:19 - rocketserializer.components.fins - INFO - Since no elliptical fins were detected, returning empty dictionary
2024.Oct.27 13:26:19 - rocketserializer.components.transition - INFO - A total of 0 transitions were found
2024.Oct.27 13:26:19 - rocketserializer.components.transition - INFO - All the 0 transition settings were defined
2024.Oct.27 13:26:19 - rocketserializer.components.parachute - INFO - A total of 2 parachutes were detected
2024.Oct.27 13:26:19 - rocketserializer.components.parachute - INFO - Starting to collect the settings of the parachute number 0
2024.Oct.27 13:26:19 - rocketserializer.components.parachute - INFO - Parachute 'Iris Ultra Parachute [Cd 2.2 (36.0 oz) 199.9 in^3]' has a drag coefficient of 2.200000
2024.Oct.27 13:26:19 - rocketserializer.components.parachute - INFO - Parachute 'Iris Ultra Parachute [Cd 2.2 (36.0 oz) 199.9 in^3]' will deploy at altitude
2024.Oct.27 13:26:19 - rocketserializer.components.parachute - INFO - The Parachute number 0 had its settings defined:
                       name: Iris Ultra Parachute [Cd 2.2 (36.0 oz) 199.9 in^3]
                       cd: 2.2
                       cds: 16.052492937808733
                       area: 7.296587699003968
                       deploy_event: altitude
                       deploy_delay: 0.0
                       deploy_altitude: 164.592

2024.Oct.27 13:26:19 - rocketserializer.components.parachute - INFO - Starting to collect the settings of the parachute number 1
2024.Oct.27 13:26:19 - rocketserializer.components.parachute - INFO - Parachute 'Apex Drouge Parachute [Cd .61 (1.9 oz) 18 in^3]' has a drag coefficient of 0.610000
2024.Oct.27 13:26:19 - rocketserializer.components.parachute - INFO - Parachute 'Apex Drouge Parachute [Cd .61 (1.9 oz) 18 in^3]' will deploy at apogee
2024.Oct.27 13:26:19 - rocketserializer.components.parachute - INFO - The Parachute number 1 had its settings defined:
                       name: Apex Drouge Parachute [Cd .61 (1.9 oz) 18 in^3]
                       cd: 0.61
                       cds: 0.10014566616882944
                       area: 0.16417322322758926
                       deploy_event: apogee
                       deploy_delay: 0.0
                       deploy_altitude: None

2024.Oct.27 13:26:19 - rocketserializer.components.parachute - INFO - All parachutes settings were collected
2024.Oct.27 13:26:19 - rocketserializer.components.stored_results - INFO - Found the 'flightdata' tag in the 'simulation' tag.
2024.Oct.27 13:26:19 - rocketserializer.components.stored_results - INFO - Retrieved the 'max_altitude' value from the .ork file: 1433.968
2024.Oct.27 13:26:19 - rocketserializer.components.stored_results - INFO - Retrieved the 'max_velocity' value from the .ork file: 175.355
2024.Oct.27 13:26:19 - rocketserializer.components.stored_results - INFO - Retrieved the 'max_acceleration' value from the .ork file: 60.063
2024.Oct.27 13:26:19 - rocketserializer.components.stored_results - INFO - Retrieved the 'max_mach' value from the .ork file: 0.524
2024.Oct.27 13:26:19 - rocketserializer.components.stored_results - INFO - Retrieved the 'time_to_apogee' value from the .ork file: 17.947
2024.Oct.27 13:26:19 - rocketserializer.components.stored_results - INFO - Retrieved the 'flight_time' value from the .ork file: 82.912
2024.Oct.27 13:26:19 - rocketserializer.components.stored_results - INFO - Retrieved the 'ground_hit_velocity' value from the .ork file: 3.792
2024.Oct.27 13:26:19 - rocketserializer.components.stored_results - INFO - Retrieved the 'launch_rod_velocity' value from the .ork file: 18.679
2024.Oct.27 13:26:19 - rocketserializer.components.stored_results - INFO - The flight data was successfully retrieved:
                       max_altitude: 1433.968
                       max_velocity: 175.355
                       max_acceleration: 60.063
                       max_mach: 0.524
                       time_to_apogee: 17.947
                       flight_time: 82.912
                       ground_hit_velocity: 3.792
                       launch_rod_velocity: 18.679
                       max_stability_margin: 4.415
                       min_stability_margin: 1.185
                       burnout_stability_margin: 1.553
                       max_thrust: 1123.0

2024.Oct.27 13:26:19 - rocketserializer.components.drag_curve - INFO - Collected altitude vector
2024.Oct.27 13:26:19 - rocketserializer.components.drag_curve - INFO - Removed data after apogee
2024.Oct.27 13:26:19 - rocketserializer.components.drag_curve - INFO - Collected drag coefficient and Mach number
2024.Oct.27 13:26:19 - rocketserializer.components.drag_curve - INFO - Successfully created the drag curve
2024.Oct.27 13:26:19 - rocketserializer.components.drag_curve - INFO - Successfully saved the drag curve file to: 'TestFolder/drag_curve.csv'
2024.Oct.27 13:26:19 - rocketserializer.ork_extractor - INFO - Drag curve generated.
2024.Oct.27 13:26:19 - rocketserializer.components.motor - INFO - Collected thrust vector
2024.Oct.27 13:26:19 - rocketserializer.components.motor - INFO - The thrust points were sorted to be in ascending order
2024.Oct.27 13:26:19 - rocketserializer.components.motor - INFO - Successfully clipped the thrust curve to remove negative values
2024.Oct.27 13:26:19 - rocketserializer.components.motor - INFO - Successfully created the thrust curve
2024.Oct.27 13:26:19 - rocketserializer.components.motor - INFO - Successfully saved the thrust curve to: 'TestFolder/thrust_source.csv'
2024.Oct.27 13:26:19 - rocketserializer.ork_extractor - INFO - Thrust curve generated.
2024.Oct.27 13:26:19 - rocketserializer.ork_extractor - INFO - Extraction completed. A dictionary with all the parameters was generated.
2024.Oct.27 13:26:19 - rocketserializer.ork_extractor - INFO - Dictionary with the parameters:
                       id: 
                           rocket_name: Rocket
                           comment: None
                           designer: None
                           filepath: rocket.ork
                       environment: 
                           latitude: 28.61
                           longitude: -80.6
                           elevation: 0.0
                           wind_average: 8.94
                           wind_turbulence: 0.0
                           geodetic_method: spherical
                           base_temperature: None
                           base_pressure: None
                           date: None
                       rocket: 
                           radius: 0.065405
                           mass: 14.645
                           inertia: (0.049, 0.049, 7.598)
                           center_of_mass_without_propellant: 1.329
                           coordinate_system_orientation: nose_to_tail
                           drag_curve: TestFolder\drag_curve.csv
                       nosecones: 
                           name: Nose Cone
                           kind: Von Karman
                           length: 0.2794
                           base_radius: 0.065405
                           position: 0.0
                       trapezoidal_fins: 
                           0: 
                               name: Fins
                               number: 3
                               root_chord: 0.1397
                               tip_chord: 0.0508
                               span: 0.15748
                               position: 2.56748
                               sweep_length: 0.046224219751807696
                               sweep_angle: None
                               cant_angle: 0.0
                               section: airfoil
                       elliptical_fins: 
                       tails: 
                       parachutes: 
                           0: 
                               name: Iris Ultra Parachute [Cd 2.2 (36.0 oz) 199.9 in^3]
                               cd: 2.2
                               cds: 16.052492937808733
                               area: 7.296587699003968
                               deploy_event: altitude
                               deploy_delay: 0.0
                               deploy_altitude: 164.592
                           1: 
                               name: Apex Drouge Parachute [Cd .61 (1.9 oz) 18 in^3]
                               cd: 0.61
                               cds: 0.10014566616882944
                               area: 0.16417322322758926
                               deploy_event: apogee
                               deploy_delay: 0.0
                               deploy_altitude: None
                       rail_buttons: 
                           name: Launch lug
                           upper_position: 1.4549599999999998
                           lower_position: 2.56494
                           distance: 1.1099800000000002
                           angular_position: 59.99999999999999
                       motors: 
                           grain_density: 1070.0156556998306
                           grain_initial_inner_radius: 0.019
                           grain_outer_radius: 0.038
                           grain_initial_height: 0.498
                           nozzle_radius: 0.028499999999999998
                           throat_radius: 0.019
                           dry_mass: 0
                           dry_inertia: (0, 0, 0)
                           center_of_dry_mass_position: 0
                           grains_center_of_mass_position: 0
                           grain_number: 1
                           grain_separation: 0
                           nozzle_position: -0.249
                           coordinate_system_orientation: nozzle_to_combustion_chamber
                           position: 2.182310535024822
                           thrust_source: TestFolder\thrust_source.csv
                       flight: 
                           rail_length: 3.6576
                           inclination: 90.0
                           heading: 90.0
                       stored_results: 
                           max_altitude: 1433.968
                           max_velocity: 175.355
                           max_acceleration: 60.063
                           max_mach: 0.524
                           time_to_apogee: 17.947
                           flight_time: 82.912
                           ground_hit_velocity: 3.792
                           launch_rod_velocity: 18.679
                           max_stability_margin: 4.415
                           min_stability_margin: 1.185
                           burnout_stability_margin: 1.553
                           max_thrust: 1123.0

2024.Oct.27 13:26:19 - orhelper._orhelper - INFO - JVM shut down
2024.Oct.27 13:26:19 - rocketserializer.nb_builder - INFO - [NOTEBOOK BUILDER] Header created
2024.Oct.27 13:26:19 - rocketserializer.nb_builder - INFO - [NOTEBOOK BUILDER] Imports section created
2024.Oct.27 13:26:19 - rocketserializer.nb_builder - INFO - [NOTEBOOK BUILDER] Environment section created
2024.Oct.27 13:26:19 - rocketserializer.nb_builder - INFO - [NOTEBOOK BUILDER] Motor section created
2024.Oct.27 13:26:19 - rocketserializer.nb_builder - INFO - [NOTEBOOK BUILDER] Nosecone created.
2024.Oct.27 13:26:19 - rocketserializer.nb_builder - INFO - [NOTEBOOK BUILDER] Trapezoidal fins created.
2024.Oct.27 13:26:19 - rocketserializer.nb_builder - INFO - [NOTEBOOK BUILDER] 1 fins were added to the rocket.
2024.Oct.27 13:26:19 - rocketserializer.nb_builder - INFO - [NOTEBOOK BUILDER] Tails created.
2024.Oct.27 13:26:19 - rocketserializer.nb_builder - INFO - [NOTEBOOK BUILDER] All aerodynamic surfaces created.
2024.Oct.27 13:26:19 - rocketserializer.nb_builder - INFO - [NOTEBOOK BUILDER] Parachutes created.
2024.Oct.27 13:26:19 - rocketserializer.nb_builder - INFO - [NOTEBOOK BUILDER] Rail Buttons created.
2024.Oct.27 13:26:19 - rocketserializer.nb_builder - INFO - [NOTEBOOK BUILDER] Rocket section created
2024.Oct.27 13:26:19 - rocketserializer.nb_builder - INFO - [NOTEBOOK BUILDER] Flight section created.
2024.Oct.27 13:26:19 - rocketserializer.nb_builder - INFO - [NOTEBOOK BUILDER] Compare Results section created.
2024.Oct.27 13:26:19 - rocketserializer.nb_builder - INFO - [NOTEBOOK BUILDER] Notebook saved to 'TestFolder\simulation.ipynb'
2024.Oct.27 13:26:19 - rocketserializer.nb_builder - INFO - [NOTEBOOK BUILDER] Black formatting applied to the final notebook
2024.Oct.27 13:26:19 - rocketserializer.nb_builder - INFO - [NOTEBOOK BUILDER] Notebook successfully built! You can find it at: TestFolder
